[2024-04-10T01:57:39.748480+00:00] main.INFO: 0 cron jobs were cleaned [] []
[2024-04-10T01:57:40.516914+00:00] main.INFO: Cron Job indexer_reindex_all_invalid is run [] []
[2024-04-10T01:57:40.634279+00:00] main.INFO: Cron Job consumers_runner is run [] []
[2024-04-10T01:57:40.721014+00:00] main.INFO: Cron Job consumers_runner is successfully finished. Statistics: {"sum":0.086890935897827,"count":1,"realmem":0,"emalloc":194264,"realmem_start":199753728,"emalloc_start":186792440} [] []
[2024-04-10T01:57:41.276743+00:00] main.INFO: Cron Job catalog_product_outdated_price_values_cleanup is run [] []
[2024-04-10T01:57:41.312443+00:00] main.INFO: Cron Job catalog_product_outdated_price_values_cleanup is successfully finished. Statistics: {"sum":0.035798072814941,"count":1,"realmem":0,"emalloc":6059480,"realmem_start":199753728,"emalloc_start":185778432} [] []
[2024-04-10T01:57:41.364545+00:00] main.INFO: Cron Job catalog_product_frontend_actions_flush is run [] []
[2024-04-10T01:57:41.400245+00:00] main.INFO: Cron Job catalog_product_frontend_actions_flush is successfully finished. Statistics: {"sum":0.035672903060913,"count":1,"realmem":0,"emalloc":1448,"realmem_start":199753728,"emalloc_start":191863032} [] []
[2024-04-10T01:57:41.440113+00:00] main.INFO: Cron Job outdated_authentication_failures_cleanup is run [] []
[2024-04-10T01:57:41.452719+00:00] main.INFO: Cron Job outdated_authentication_failures_cleanup is successfully finished. Statistics: {"sum":0.012561082839966,"count":1,"realmem":0,"emalloc":1448,"realmem_start":199753728,"emalloc_start":191888032} [] []
[2024-04-10T01:57:41.468032+00:00] main.INFO: Cron Job sales_grid_order_async_insert is run [] []
[2024-04-10T01:57:41.468236+00:00] main.INFO: Cron Job sales_grid_order_async_insert is successfully finished. Statistics: {"sum":0.0001990795135498,"count":1,"realmem":0,"emalloc":1072,"realmem_start":199753728,"emalloc_start":191994048} [] []
[2024-04-10T01:57:41.487396+00:00] main.INFO: Cron Job sales_grid_order_invoice_async_insert is run [] []
[2024-04-10T01:57:41.487552+00:00] main.INFO: Cron Job sales_grid_order_invoice_async_insert is successfully finished. Statistics: {"sum":0.00015497207641602,"count":1,"realmem":0,"emalloc":1072,"realmem_start":199753728,"emalloc_start":191998544} [] []
[2024-04-10T01:57:41.505844+00:00] main.INFO: Cron Job sales_grid_order_shipment_async_insert is run [] []
[2024-04-10T01:57:41.506037+00:00] main.INFO: Cron Job sales_grid_order_shipment_async_insert is successfully finished. Statistics: {"sum":0.00019001960754395,"count":1,"realmem":0,"emalloc":1072,"realmem_start":199753728,"emalloc_start":192002192} [] []
[2024-04-10T01:57:41.516120+00:00] main.INFO: Cron Job sales_grid_order_creditmemo_async_insert is run [] []
[2024-04-10T01:57:41.516326+00:00] main.INFO: Cron Job sales_grid_order_creditmemo_async_insert is successfully finished. Statistics: {"sum":0.00020503997802734,"count":1,"realmem":0,"emalloc":1072,"realmem_start":199753728,"emalloc_start":192005968} [] []
[2024-04-10T01:57:41.556249+00:00] main.INFO: Cron Job sales_send_order_emails is run [] []
[2024-04-10T01:57:41.556400+00:00] main.INFO: Cron Job sales_send_order_emails is successfully finished. Statistics: {"sum":0.0001528263092041,"count":1,"realmem":0,"emalloc":1040,"realmem_start":199753728,"emalloc_start":193810760} [] []
[2024-04-10T01:57:41.583626+00:00] main.INFO: Cron Job sales_send_order_invoice_emails is run [] []
[2024-04-10T01:57:41.583843+00:00] main.INFO: Cron Job sales_send_order_invoice_emails is successfully finished. Statistics: {"sum":0.00021100044250488,"count":1,"realmem":0,"emalloc":1072,"realmem_start":199753728,"emalloc_start":194167952} [] []
[2024-04-10T01:57:41.602492+00:00] main.INFO: Cron Job sales_send_order_shipment_emails is run [] []
[2024-04-10T01:57:41.602644+00:00] main.INFO: Cron Job sales_send_order_shipment_emails is successfully finished. Statistics: {"sum":0.00014495849609375,"count":1,"realmem":0,"emalloc":1072,"realmem_start":199753728,"emalloc_start":194450448} [] []
[2024-04-10T01:57:41.619921+00:00] main.INFO: Cron Job sales_send_order_creditmemo_emails is run [] []
[2024-04-10T01:57:41.620089+00:00] main.INFO: Cron Job sales_send_order_creditmemo_emails is successfully finished. Statistics: {"sum":0.00016903877258301,"count":1,"realmem":0,"emalloc":1072,"realmem_start":199753728,"emalloc_start":194769552} [] []
[2024-04-10T01:57:41.660185+00:00] main.INFO: Cron Job inventory_in_store_pickup_sales_send_order_notified_emails is run [] []
[2024-04-10T01:57:41.660370+00:00] main.INFO: Cron Job inventory_in_store_pickup_sales_send_order_notified_emails is successfully finished. Statistics: {"sum":0.00018787384033203,"count":1,"realmem":0,"emalloc":1072,"realmem_start":199753728,"emalloc_start":194884296} [] []
[2024-04-10T01:57:41.689543+00:00] main.INFO: Cron Job bulk_cleanup is run [] []
[2024-04-10T01:57:41.718583+00:00] main.INFO: Cron Job bulk_cleanup is successfully finished. Statistics: {"sum":0.028982162475586,"count":1,"realmem":0,"emalloc":1608,"realmem_start":199753728,"emalloc_start":194890304} [] []
[2024-04-10T01:57:44.187997+00:00] main.INFO: Cron Job indexer_reindex_all_invalid is successfully finished. Statistics: {"sum":3.6735591888428,"count":1,"realmem":10485760,"emalloc":21943128,"realmem_start":199753728,"emalloc_start":185159920} [] []
[2024-04-10T01:57:44.200145+00:00] main.INFO: Cron Job indexer_update_all_views is run [] []
[2024-04-10T01:57:44.204173+00:00] main.INFO: Cron Job indexer_update_all_views is successfully finished. Statistics: {"sum":0.0040180683135986,"count":1,"realmem":0,"emalloc":24456,"realmem_start":210239488,"emalloc_start":207105288} [] []
