[2024-04-12T07:59:46.127318+00:00] main.CRITICAL: Magento\Framework\Exception\FileSystemException: Cannot gather stats! Warning!stat(): stat failed for /shared/httpd/burning/htdocs/pub/static/frontend/Smartwave/porto/vi_VN/mage/requirejs/mixins.js in /shared/httpd/burning/htdocs/vendor/magento/framework/Filesystem/Driver/File.php:94
Stack trace:
#0 /shared/httpd/burning/htdocs/vendor/magento/framework/Filesystem/Directory/Read.php(229): Magento\Framework\Filesystem\Driver\File->stat('/shared/httpd/b...')
#1 /shared/httpd/burning/htdocs/vendor/magento/framework/View/Asset/MergeStrategy/Checksum.php(69): Magento\Framework\Filesystem\Directory\Read->stat('pub/static/fron...')
#2 /shared/httpd/burning/htdocs/vendor/magento/framework/View/Asset/Merged.php(111): Magento\Framework\View\Asset\MergeStrategy\Checksum->merge(Array, Object(Magento\Framework\View\Asset\File))
#3 /shared/httpd/burning/htdocs/vendor/magento/framework/View/Asset/Merged.php(183): Magento\Framework\View\Asset\Merged->initialize()
#4 /shared/httpd/burning/htdocs/vendor/magento/framework/View/Page/Config/Renderer.php(420): Magento\Framework\View\Asset\Merged->rewind()
#5 /shared/httpd/burning/htdocs/vendor/magento/framework/View/Page/Config/Renderer.php(297): Magento\Framework\View\Page\Config\Renderer->renderAssetHtml(Object(Magento\Framework\View\Asset\PropertyGroup))
#6 /shared/httpd/burning/htdocs/vendor/magento/framework/View/Page/Config/Renderer.php(284): Magento\Framework\View\Page\Config\Renderer->renderAssetGroup(Object(Magento\Framework\View\Asset\PropertyGroup))
#7 /shared/httpd/burning/htdocs/vendor/magento/framework/View/Page/Config/Renderer.php(137): Magento\Framework\View\Page\Config\Renderer->renderAssets(Array)
#8 /shared/httpd/burning/htdocs/vendor/magento/framework/View/Result/Page.php(252): Magento\Framework\View\Page\Config\Renderer->renderHeadContent()
#9 /shared/httpd/burning/htdocs/vendor/magento/framework/View/Result/Layout.php(171): Magento\Framework\View\Result\Page->render(Object(Magento\Framework\App\Response\Http\Interceptor))
#10 /shared/httpd/burning/htdocs/vendor/magento/framework/Interception/Interceptor.php(58): Magento\Framework\View\Result\Layout->renderResult(Object(Magento\Framework\App\Response\Http\Interceptor))
#11 /shared/httpd/burning/htdocs/vendor/magento/framework/Interception/Interceptor.php(138): Magento\Framework\View\Result\Page\Interceptor->___callParent('renderResult', Array)
#12 /shared/httpd/burning/htdocs/vendor/magento/framework/Interception/Interceptor.php(153): Magento\Framework\View\Result\Page\Interceptor->Magento\Framework\Interception\{closure}(Object(Magento\Framework\App\Response\Http\Interceptor))
#13 /shared/httpd/burning/htdocs/generated/code/Magento/Framework/View/Result/Page/Interceptor.php(95): Magento\Framework\View\Result\Page\Interceptor->___callPlugins('renderResult', Array, Array)
#14 /shared/httpd/burning/htdocs/vendor/magento/framework/App/Http.php(120): Magento\Framework\View\Result\Page\Interceptor->renderResult(Object(Magento\Framework\App\Response\Http\Interceptor))
#15 /shared/httpd/burning/htdocs/generated/code/Magento/Framework/App/Http/Interceptor.php(23): Magento\Framework\App\Http->launch()
#16 /shared/httpd/burning/htdocs/vendor/magento/framework/App/Bootstrap.php(264): Magento\Framework\App\Http\Interceptor->launch()
#17 /shared/httpd/burning/htdocs/pub/index.php(30): Magento\Framework\App\Bootstrap->run(Object(Magento\Framework\App\Http\Interceptor))
#18 {main} {"exception":"[object] (Magento\\Framework\\Exception\\FileSystemException(code: 0): Cannot gather stats! Warning!stat(): stat failed for /shared/httpd/burning/htdocs/pub/static/frontend/Smartwave/porto/vi_VN/mage/requirejs/mixins.js at /shared/httpd/burning/htdocs/vendor/magento/framework/Filesystem/Driver/File.php:94)"} []
[2024-04-12T08:10:51.186737+00:00] main.CRITICAL: Magento\Framework\Exception\FileSystemException: Cannot gather stats! Warning!stat(): stat failed for /shared/httpd/burning/htdocs/pub/static/frontend/Smartwave/porto/en_US/mage/requirejs/mixins.js in /shared/httpd/burning/htdocs/vendor/magento/framework/Filesystem/Driver/File.php:94
Stack trace:
#0 /shared/httpd/burning/htdocs/vendor/magento/framework/Filesystem/Directory/Read.php(229): Magento\Framework\Filesystem\Driver\File->stat('/shared/httpd/b...')
#1 /shared/httpd/burning/htdocs/vendor/magento/framework/View/Asset/MergeStrategy/Checksum.php(69): Magento\Framework\Filesystem\Directory\Read->stat('pub/static/fron...')
#2 /shared/httpd/burning/htdocs/vendor/magento/framework/View/Asset/Merged.php(111): Magento\Framework\View\Asset\MergeStrategy\Checksum->merge(Array, Object(Magento\Framework\View\Asset\File))
#3 /shared/httpd/burning/htdocs/vendor/magento/framework/View/Asset/Merged.php(183): Magento\Framework\View\Asset\Merged->initialize()
#4 /shared/httpd/burning/htdocs/vendor/magento/framework/View/Page/Config/Renderer.php(420): Magento\Framework\View\Asset\Merged->rewind()
#5 /shared/httpd/burning/htdocs/vendor/magento/framework/View/Page/Config/Renderer.php(297): Magento\Framework\View\Page\Config\Renderer->renderAssetHtml(Object(Magento\Framework\View\Asset\PropertyGroup))
#6 /shared/httpd/burning/htdocs/vendor/magento/framework/View/Page/Config/Renderer.php(284): Magento\Framework\View\Page\Config\Renderer->renderAssetGroup(Object(Magento\Framework\View\Asset\PropertyGroup))
#7 /shared/httpd/burning/htdocs/vendor/magento/framework/View/Page/Config/Renderer.php(137): Magento\Framework\View\Page\Config\Renderer->renderAssets(Array)
#8 /shared/httpd/burning/htdocs/vendor/magento/framework/View/Result/Page.php(252): Magento\Framework\View\Page\Config\Renderer->renderHeadContent()
#9 /shared/httpd/burning/htdocs/vendor/magento/framework/View/Result/Layout.php(171): Magento\Framework\View\Result\Page->render(Object(Magento\Framework\App\Response\Http\Interceptor))
#10 /shared/httpd/burning/htdocs/vendor/magento/framework/Interception/Interceptor.php(58): Magento\Framework\View\Result\Layout->renderResult(Object(Magento\Framework\App\Response\Http\Interceptor))
#11 /shared/httpd/burning/htdocs/vendor/magento/framework/Interception/Interceptor.php(138): Magento\Framework\View\Result\Page\Interceptor->___callParent('renderResult', Array)
#12 /shared/httpd/burning/htdocs/vendor/magento/framework/Interception/Interceptor.php(153): Magento\Framework\View\Result\Page\Interceptor->Magento\Framework\Interception\{closure}(Object(Magento\Framework\App\Response\Http\Interceptor))
#13 /shared/httpd/burning/htdocs/generated/code/Magento/Framework/View/Result/Page/Interceptor.php(95): Magento\Framework\View\Result\Page\Interceptor->___callPlugins('renderResult', Array, Array)
#14 /shared/httpd/burning/htdocs/vendor/magento/framework/App/Http.php(120): Magento\Framework\View\Result\Page\Interceptor->renderResult(Object(Magento\Framework\App\Response\Http\Interceptor))
#15 /shared/httpd/burning/htdocs/generated/code/Magento/Framework/App/Http/Interceptor.php(23): Magento\Framework\App\Http->launch()
#16 /shared/httpd/burning/htdocs/vendor/magento/framework/App/Bootstrap.php(264): Magento\Framework\App\Http\Interceptor->launch()
#17 /shared/httpd/burning/htdocs/pub/index.php(30): Magento\Framework\App\Bootstrap->run(Object(Magento\Framework\App\Http\Interceptor))
#18 {main} {"exception":"[object] (Magento\\Framework\\Exception\\FileSystemException(code: 0): Cannot gather stats! Warning!stat(): stat failed for /shared/httpd/burning/htdocs/pub/static/frontend/Smartwave/porto/en_US/mage/requirejs/mixins.js at /shared/httpd/burning/htdocs/vendor/magento/framework/Filesystem/Driver/File.php:94)"} []
[2024-04-12T10:12:03.901285+00:00] main.CRITICAL: Magento\Framework\Exception\FileSystemException: Cannot gather stats! Warning!stat(): stat failed for /shared/httpd/burning/htdocs/pub/static/adminhtml/Magento/backend/en_US/mage/requirejs/mixins.js in /shared/httpd/burning/htdocs/vendor/magento/framework/Filesystem/Driver/File.php:94
Stack trace:
#0 /shared/httpd/burning/htdocs/vendor/magento/framework/Filesystem/Directory/Read.php(229): Magento\Framework\Filesystem\Driver\File->stat('/shared/httpd/b...')
#1 /shared/httpd/burning/htdocs/vendor/magento/framework/View/Asset/MergeStrategy/Checksum.php(69): Magento\Framework\Filesystem\Directory\Read->stat('pub/static/admi...')
#2 /shared/httpd/burning/htdocs/vendor/magento/framework/View/Asset/Merged.php(111): Magento\Framework\View\Asset\MergeStrategy\Checksum->merge(Array, Object(Magento\Framework\View\Asset\File))
#3 /shared/httpd/burning/htdocs/vendor/magento/framework/View/Asset/Merged.php(183): Magento\Framework\View\Asset\Merged->initialize()
#4 /shared/httpd/burning/htdocs/vendor/magento/framework/View/Page/Config/Renderer.php(420): Magento\Framework\View\Asset\Merged->rewind()
#5 /shared/httpd/burning/htdocs/vendor/magento/framework/View/Page/Config/Renderer.php(297): Magento\Framework\View\Page\Config\Renderer->renderAssetHtml(Object(Magento\Framework\View\Asset\PropertyGroup))
#6 /shared/httpd/burning/htdocs/vendor/magento/framework/View/Page/Config/Renderer.php(284): Magento\Framework\View\Page\Config\Renderer->renderAssetGroup(Object(Magento\Framework\View\Asset\PropertyGroup))
#7 /shared/httpd/burning/htdocs/vendor/magento/framework/View/Page/Config/Renderer.php(137): Magento\Framework\View\Page\Config\Renderer->renderAssets(Array)
#8 /shared/httpd/burning/htdocs/vendor/magento/framework/View/Result/Page.php(252): Magento\Framework\View\Page\Config\Renderer->renderHeadContent()
#9 /shared/httpd/burning/htdocs/vendor/magento/framework/View/Result/Layout.php(171): Magento\Framework\View\Result\Page->render(Object(Magento\Framework\App\Response\Http\Interceptor))
#10 /shared/httpd/burning/htdocs/vendor/magento/framework/Interception/Interceptor.php(58): Magento\Framework\View\Result\Layout->renderResult(Object(Magento\Framework\App\Response\Http\Interceptor))
#11 /shared/httpd/burning/htdocs/vendor/magento/framework/Interception/Interceptor.php(138): Magento\Backend\Model\View\Result\Page\Interceptor->___callParent('renderResult', Array)
#12 /shared/httpd/burning/htdocs/vendor/magento/framework/Interception/Interceptor.php(153): Magento\Backend\Model\View\Result\Page\Interceptor->Magento\Framework\Interception\{closure}(Object(Magento\Framework\App\Response\Http\Interceptor))
#13 /shared/httpd/burning/htdocs/generated/code/Magento/Backend/Model/View/Result/Page/Interceptor.php(140): Magento\Backend\Model\View\Result\Page\Interceptor->___callPlugins('renderResult', Array, Array)
#14 /shared/httpd/burning/htdocs/vendor/magento/framework/App/Http.php(120): Magento\Backend\Model\View\Result\Page\Interceptor->renderResult(Object(Magento\Framework\App\Response\Http\Interceptor))
#15 /shared/httpd/burning/htdocs/generated/code/Magento/Framework/App/Http/Interceptor.php(23): Magento\Framework\App\Http->launch()
#16 /shared/httpd/burning/htdocs/vendor/magento/framework/App/Bootstrap.php(264): Magento\Framework\App\Http\Interceptor->launch()
#17 /shared/httpd/burning/htdocs/pub/index.php(30): Magento\Framework\App\Bootstrap->run(Object(Magento\Framework\App\Http\Interceptor))
#18 {main} {"exception":"[object] (Magento\\Framework\\Exception\\FileSystemException(code: 0): Cannot gather stats! Warning!stat(): stat failed for /shared/httpd/burning/htdocs/pub/static/adminhtml/Magento/backend/en_US/mage/requirejs/mixins.js at /shared/httpd/burning/htdocs/vendor/magento/framework/Filesystem/Driver/File.php:94)"} []
[2024-04-12T10:19:10.986002+00:00] main.CRITICAL: Magento\Framework\Exception\FileSystemException: Cannot gather stats! Warning!stat(): stat failed for /shared/httpd/burning/htdocs/pub/static/frontend/Smartwave/porto/vi_VN/mage/requirejs/mixins.js in /shared/httpd/burning/htdocs/vendor/magento/framework/Filesystem/Driver/File.php:94
Stack trace:
#0 /shared/httpd/burning/htdocs/vendor/magento/framework/Filesystem/Directory/Read.php(229): Magento\Framework\Filesystem\Driver\File->stat('/shared/httpd/b...')
#1 /shared/httpd/burning/htdocs/vendor/magento/framework/View/Asset/MergeStrategy/Checksum.php(69): Magento\Framework\Filesystem\Directory\Read->stat('pub/static/fron...')
#2 /shared/httpd/burning/htdocs/vendor/magento/framework/View/Asset/Merged.php(111): Magento\Framework\View\Asset\MergeStrategy\Checksum->merge(Array, Object(Magento\Framework\View\Asset\File))
#3 /shared/httpd/burning/htdocs/vendor/magento/framework/View/Asset/Merged.php(183): Magento\Framework\View\Asset\Merged->initialize()
#4 /shared/httpd/burning/htdocs/vendor/magento/framework/View/Page/Config/Renderer.php(420): Magento\Framework\View\Asset\Merged->rewind()
#5 /shared/httpd/burning/htdocs/vendor/magento/framework/View/Page/Config/Renderer.php(297): Magento\Framework\View\Page\Config\Renderer->renderAssetHtml(Object(Magento\Framework\View\Asset\PropertyGroup))
#6 /shared/httpd/burning/htdocs/vendor/magento/framework/View/Page/Config/Renderer.php(284): Magento\Framework\View\Page\Config\Renderer->renderAssetGroup(Object(Magento\Framework\View\Asset\PropertyGroup))
#7 /shared/httpd/burning/htdocs/vendor/magento/framework/View/Page/Config/Renderer.php(137): Magento\Framework\View\Page\Config\Renderer->renderAssets(Array)
#8 /shared/httpd/burning/htdocs/vendor/magento/framework/View/Result/Page.php(252): Magento\Framework\View\Page\Config\Renderer->renderHeadContent()
#9 /shared/httpd/burning/htdocs/vendor/magento/framework/View/Result/Layout.php(171): Magento\Framework\View\Result\Page->render(Object(Magento\Framework\App\Response\Http\Interceptor))
#10 /shared/httpd/burning/htdocs/vendor/magento/framework/Interception/Interceptor.php(58): Magento\Framework\View\Result\Layout->renderResult(Object(Magento\Framework\App\Response\Http\Interceptor))
#11 /shared/httpd/burning/htdocs/vendor/magento/framework/Interception/Interceptor.php(138): Magento\Framework\View\Result\Page\Interceptor->___callParent('renderResult', Array)
#12 /shared/httpd/burning/htdocs/vendor/magento/framework/Interception/Interceptor.php(153): Magento\Framework\View\Result\Page\Interceptor->Magento\Framework\Interception\{closure}(Object(Magento\Framework\App\Response\Http\Interceptor))
#13 /shared/httpd/burning/htdocs/generated/code/Magento/Framework/View/Result/Page/Interceptor.php(95): Magento\Framework\View\Result\Page\Interceptor->___callPlugins('renderResult', Array, Array)
#14 /shared/httpd/burning/htdocs/vendor/magento/framework/App/Http.php(120): Magento\Framework\View\Result\Page\Interceptor->renderResult(Object(Magento\Framework\App\Response\Http\Interceptor))
#15 /shared/httpd/burning/htdocs/generated/code/Magento/Framework/App/Http/Interceptor.php(23): Magento\Framework\App\Http->launch()
#16 /shared/httpd/burning/htdocs/vendor/magento/framework/App/Bootstrap.php(264): Magento\Framework\App\Http\Interceptor->launch()
#17 /shared/httpd/burning/htdocs/pub/index.php(30): Magento\Framework\App\Bootstrap->run(Object(Magento\Framework\App\Http\Interceptor))
#18 {main} {"exception":"[object] (Magento\\Framework\\Exception\\FileSystemException(code: 0): Cannot gather stats! Warning!stat(): stat failed for /shared/httpd/burning/htdocs/pub/static/frontend/Smartwave/porto/vi_VN/mage/requirejs/mixins.js at /shared/httpd/burning/htdocs/vendor/magento/framework/Filesystem/Driver/File.php:94)"} []
[2024-04-12T10:19:33.091391+00:00] main.CRITICAL: Magento\Framework\Exception\FileSystemException: Cannot gather stats! Warning!stat(): stat failed for /shared/httpd/burning/htdocs/pub/static/frontend/Smartwave/porto/en_US/mage/requirejs/mixins.js in /shared/httpd/burning/htdocs/vendor/magento/framework/Filesystem/Driver/File.php:94
Stack trace:
#0 /shared/httpd/burning/htdocs/vendor/magento/framework/Filesystem/Directory/Read.php(229): Magento\Framework\Filesystem\Driver\File->stat('/shared/httpd/b...')
#1 /shared/httpd/burning/htdocs/vendor/magento/framework/View/Asset/MergeStrategy/Checksum.php(69): Magento\Framework\Filesystem\Directory\Read->stat('pub/static/fron...')
#2 /shared/httpd/burning/htdocs/vendor/magento/framework/View/Asset/Merged.php(111): Magento\Framework\View\Asset\MergeStrategy\Checksum->merge(Array, Object(Magento\Framework\View\Asset\File))
#3 /shared/httpd/burning/htdocs/vendor/magento/framework/View/Asset/Merged.php(183): Magento\Framework\View\Asset\Merged->initialize()
#4 /shared/httpd/burning/htdocs/vendor/magento/framework/View/Page/Config/Renderer.php(420): Magento\Framework\View\Asset\Merged->rewind()
#5 /shared/httpd/burning/htdocs/vendor/magento/framework/View/Page/Config/Renderer.php(297): Magento\Framework\View\Page\Config\Renderer->renderAssetHtml(Object(Magento\Framework\View\Asset\PropertyGroup))
#6 /shared/httpd/burning/htdocs/vendor/magento/framework/View/Page/Config/Renderer.php(284): Magento\Framework\View\Page\Config\Renderer->renderAssetGroup(Object(Magento\Framework\View\Asset\PropertyGroup))
#7 /shared/httpd/burning/htdocs/vendor/magento/framework/View/Page/Config/Renderer.php(137): Magento\Framework\View\Page\Config\Renderer->renderAssets(Array)
#8 /shared/httpd/burning/htdocs/vendor/magento/framework/View/Result/Page.php(252): Magento\Framework\View\Page\Config\Renderer->renderHeadContent()
#9 /shared/httpd/burning/htdocs/vendor/magento/framework/View/Result/Layout.php(171): Magento\Framework\View\Result\Page->render(Object(Magento\Framework\App\Response\Http\Interceptor))
#10 /shared/httpd/burning/htdocs/vendor/magento/framework/Interception/Interceptor.php(58): Magento\Framework\View\Result\Layout->renderResult(Object(Magento\Framework\App\Response\Http\Interceptor))
#11 /shared/httpd/burning/htdocs/vendor/magento/framework/Interception/Interceptor.php(138): Magento\Framework\View\Result\Page\Interceptor->___callParent('renderResult', Array)
#12 /shared/httpd/burning/htdocs/vendor/magento/framework/Interception/Interceptor.php(153): Magento\Framework\View\Result\Page\Interceptor->Magento\Framework\Interception\{closure}(Object(Magento\Framework\App\Response\Http\Interceptor))
#13 /shared/httpd/burning/htdocs/generated/code/Magento/Framework/View/Result/Page/Interceptor.php(95): Magento\Framework\View\Result\Page\Interceptor->___callPlugins('renderResult', Array, Array)
#14 /shared/httpd/burning/htdocs/vendor/magento/framework/App/Http.php(120): Magento\Framework\View\Result\Page\Interceptor->renderResult(Object(Magento\Framework\App\Response\Http\Interceptor))
#15 /shared/httpd/burning/htdocs/generated/code/Magento/Framework/App/Http/Interceptor.php(23): Magento\Framework\App\Http->launch()
#16 /shared/httpd/burning/htdocs/vendor/magento/framework/App/Bootstrap.php(264): Magento\Framework\App\Http\Interceptor->launch()
#17 /shared/httpd/burning/htdocs/pub/index.php(30): Magento\Framework\App\Bootstrap->run(Object(Magento\Framework\App\Http\Interceptor))
#18 {main} {"exception":"[object] (Magento\\Framework\\Exception\\FileSystemException(code: 0): Cannot gather stats! Warning!stat(): stat failed for /shared/httpd/burning/htdocs/pub/static/frontend/Smartwave/porto/en_US/mage/requirejs/mixins.js at /shared/httpd/burning/htdocs/vendor/magento/framework/Filesystem/Driver/File.php:94)"} []
[2024-04-12T10:21:10.895288+00:00] main.CRITICAL: Magento\Framework\Exception\FileSystemException: Cannot gather stats! Warning!stat(): stat failed for /shared/httpd/burning/htdocs/pub/static/adminhtml/Magento/backend/en_US/mage/requirejs/mixins.js in /shared/httpd/burning/htdocs/vendor/magento/framework/Filesystem/Driver/File.php:94
Stack trace:
#0 /shared/httpd/burning/htdocs/vendor/magento/framework/Filesystem/Directory/Read.php(229): Magento\Framework\Filesystem\Driver\File->stat('/shared/httpd/b...')
#1 /shared/httpd/burning/htdocs/vendor/magento/framework/View/Asset/MergeStrategy/Checksum.php(69): Magento\Framework\Filesystem\Directory\Read->stat('pub/static/admi...')
#2 /shared/httpd/burning/htdocs/vendor/magento/framework/View/Asset/Merged.php(111): Magento\Framework\View\Asset\MergeStrategy\Checksum->merge(Array, Object(Magento\Framework\View\Asset\File))
#3 /shared/httpd/burning/htdocs/vendor/magento/framework/View/Asset/Merged.php(183): Magento\Framework\View\Asset\Merged->initialize()
#4 /shared/httpd/burning/htdocs/vendor/magento/framework/View/Page/Config/Renderer.php(420): Magento\Framework\View\Asset\Merged->rewind()
#5 /shared/httpd/burning/htdocs/vendor/magento/framework/View/Page/Config/Renderer.php(297): Magento\Framework\View\Page\Config\Renderer->renderAssetHtml(Object(Magento\Framework\View\Asset\PropertyGroup))
#6 /shared/httpd/burning/htdocs/vendor/magento/framework/View/Page/Config/Renderer.php(284): Magento\Framework\View\Page\Config\Renderer->renderAssetGroup(Object(Magento\Framework\View\Asset\PropertyGroup))
#7 /shared/httpd/burning/htdocs/vendor/magento/framework/View/Page/Config/Renderer.php(137): Magento\Framework\View\Page\Config\Renderer->renderAssets(Array)
#8 /shared/httpd/burning/htdocs/vendor/magento/framework/View/Result/Page.php(252): Magento\Framework\View\Page\Config\Renderer->renderHeadContent()
#9 /shared/httpd/burning/htdocs/vendor/magento/framework/View/Result/Layout.php(171): Magento\Framework\View\Result\Page->render(Object(Magento\Framework\App\Response\Http\Interceptor))
#10 /shared/httpd/burning/htdocs/vendor/magento/framework/Interception/Interceptor.php(58): Magento\Framework\View\Result\Layout->renderResult(Object(Magento\Framework\App\Response\Http\Interceptor))
#11 /shared/httpd/burning/htdocs/vendor/magento/framework/Interception/Interceptor.php(138): Magento\Backend\Model\View\Result\Page\Interceptor->___callParent('renderResult', Array)
#12 /shared/httpd/burning/htdocs/vendor/magento/framework/Interception/Interceptor.php(153): Magento\Backend\Model\View\Result\Page\Interceptor->Magento\Framework\Interception\{closure}(Object(Magento\Framework\App\Response\Http\Interceptor))
#13 /shared/httpd/burning/htdocs/generated/code/Magento/Backend/Model/View/Result/Page/Interceptor.php(140): Magento\Backend\Model\View\Result\Page\Interceptor->___callPlugins('renderResult', Array, Array)
#14 /shared/httpd/burning/htdocs/vendor/magento/framework/App/Http.php(120): Magento\Backend\Model\View\Result\Page\Interceptor->renderResult(Object(Magento\Framework\App\Response\Http\Interceptor))
#15 /shared/httpd/burning/htdocs/generated/code/Magento/Framework/App/Http/Interceptor.php(23): Magento\Framework\App\Http->launch()
#16 /shared/httpd/burning/htdocs/vendor/magento/framework/App/Bootstrap.php(264): Magento\Framework\App\Http\Interceptor->launch()
#17 /shared/httpd/burning/htdocs/pub/index.php(30): Magento\Framework\App\Bootstrap->run(Object(Magento\Framework\App\Http\Interceptor))
#18 {main} {"exception":"[object] (Magento\\Framework\\Exception\\FileSystemException(code: 0): Cannot gather stats! Warning!stat(): stat failed for /shared/httpd/burning/htdocs/pub/static/adminhtml/Magento/backend/en_US/mage/requirejs/mixins.js at /shared/httpd/burning/htdocs/vendor/magento/framework/Filesystem/Driver/File.php:94)"} []
